2026-03-26 10:34:08.463 - INFO: [1mQLever server v0.5.45-233-g0480d959, compiled on Wed Mar 25 10:49:53 AM CET 2026 using git hash 0480d9[22m
2026-03-26 10:34:08.463 - INFO: Initializing server ...
2026-03-26 10:34:08.464 - INFO: The git hash used to build this index was "8c99fe"
2026-03-26 10:34:08.464 - INFO: Reading vocabulary from file /home/userNoPriv/code/qlever/qlever-indices/dblp/dblp.vocabulary.words ...
2026-03-26 10:34:08.470 - INFO: Done, number of words: 409,446,926
2026-03-26 10:34:08.470 - INFO: Number of words in internal vocabulary (these are also part of the external vocabulary): 409,457
2026-03-26 10:34:08.473 - INFO: Registered PSO permutation: #relations = 6, #blocks = 7,515, #triples = 234,800,838
2026-03-26 10:34:08.490 - INFO: Registered PSO permutation: #relations = 96, #blocks = 46,913, #triples = 1,464,719,701
2026-03-26 10:34:08.492 - INFO: Registered POS permutation: #relations = 6, #blocks = 7,515, #triples = 234,800,838
2026-03-26 10:34:08.508 - INFO: Registered POS permutation: #relations = 96, #blocks = 46,913, #triples = 1,464,719,701
2026-03-26 10:34:08.521 - INFO: Registered OPS permutation: #relations = 318,850,904, #blocks = 39,014, #triples = 1,464,719,701
2026-03-26 10:34:08.535 - INFO: Registered OSP permutation: #relations = 318,850,904, #blocks = 39,014, #triples = 1,464,719,701
2026-03-26 10:34:08.544 - INFO: Registered SPO permutation: #relations = 234,800,427, #blocks = 31,251, #triples = 1,464,719,701
2026-03-26 10:34:08.551 - INFO: Registered SOP permutation: #relations = 234,800,427, #blocks = 31,251, #triples = 1,464,719,701
2026-03-26 10:34:08.551 - INFO: Reading patterns from file /home/userNoPriv/code/qlever/qlever-indices/dblp/dblp.index.patterns ...
2026-03-26 10:34:08.551 - INFO: Sorting random result tables to estimate the sorting performance of this machine ...
2026-03-26 10:34:16.009 - INFO: Access token for restricted API calls is ""
2026-03-26 10:34:16.009 - INFO: The server is ready, listening for requests on port 7001 ...
2026-03-26 10:34:16.511 - INFO: 
2026-03-26 10:34:16.511 - INFO: Request received via GET, no content type specified
2026-03-26 10:34:16.512 - ERROR: Connection reset by peer [system:104 at /usr/include/boost/asio/detail/reactive_socket_recv_op.hpp:134:5 in function 'static void boost::asio::detail::reactive_socket_recv_op<MutableBufferSequence, Handler, IoExecutor>::do_complete(void*, boost::asio::detail::operation*, const boost::system::error_code&, std::size_t)']: Connection reset by peer
2026-03-26 10:34:17.518 - INFO: 
2026-03-26 10:34:17.518 - INFO: Request received via GET, no content type specified
2026-03-26 10:34:17.518 - ERROR: Connection reset by peer [system:104 at /usr/include/boost/asio/detail/reactive_socket_recv_op.hpp:134:5 in function 'static void boost::asio::detail::reactive_socket_recv_op<MutableBufferSequence, Handler, IoExecutor>::do_complete(void*, boost::asio::detail::operation*, const boost::system::error_code&, std::size_t)']: Connection reset by peer
2026-03-26 10:34:18.526 - INFO: 
2026-03-26 10:34:18.526 - INFO: Request received via GET, no content type specified
2026-03-26 10:34:19.533 - INFO: 
2026-03-26 10:34:19.533 - INFO: Request received via GET, no content type specified
2026-03-26 10:34:20.540 - INFO: 
2026-03-26 10:34:20.540 - INFO: Request received via GET, no content type specified
2026-03-26 10:34:21.548 - INFO: 
2026-03-26 10:34:21.548 - INFO: Request received via GET, no content type specified
2026-03-26 10:34:22.556 - INFO: 
2026-03-26 10:34:22.556 - INFO: Request received via GET, no content type specified
2026-03-26 10:34:23.564 - INFO: 
2026-03-26 10:34:23.564 - INFO: Request received via GET, no content type specified
2026-03-26 10:34:24.572 - INFO: 
2026-03-26 10:34:24.572 - INFO: Request received via GET, no content type specified
2026-03-26 10:34:25.580 - INFO: 
2026-03-26 10:34:25.580 - INFO: Request received via GET, no content type specified
2026-03-26 10:34:26.588 - INFO: 
2026-03-26 10:34:26.588 - INFO: Request received via GET, no content type specified
2026-03-26 10:34:27.596 - INFO: 
2026-03-26 10:34:27.596 - INFO: Request received via GET, no content type specified
2026-03-26 10:34:28.604 - INFO: 
2026-03-26 10:34:28.604 - INFO: Request received via GET, no content type specified
2026-03-26 10:34:29.612 - INFO: 
2026-03-26 10:34:29.612 - INFO: Request received via GET, no content type specified
2026-03-26 10:34:30.620 - INFO: 
2026-03-26 10:34:30.620 - INFO: Request received via GET, no content type specified
2026-03-26 10:34:31.627 - INFO: 
2026-03-26 10:34:31.627 - INFO: Request received via GET, no content type specified
2026-03-26 10:34:32.634 - INFO: 
2026-03-26 10:34:32.634 - INFO: Request received via GET, no content type specified
2026-03-26 10:34:32.634 - ERROR: Connection reset by peer [system:104 at /usr/include/boost/asio/detail/reactive_socket_recv_op.hpp:134:5 in function 'static void boost::asio::detail::reactive_socket_recv_op<MutableBufferSequence, Handler, IoExecutor>::do_complete(void*, boost::asio::detail::operation*, const boost::system::error_code&, std::size_t)']: Connection reset by peer
2026-03-26 10:34:33.641 - INFO: 
2026-03-26 10:34:33.641 - INFO: Request received via GET, no content type specified
2026-03-26 10:34:34.647 - INFO: 
2026-03-26 10:34:34.647 - INFO: Request received via GET, no content type specified
2026-03-26 10:34:34.648 - ERROR: Connection reset by peer [system:104 at /usr/include/boost/asio/detail/reactive_socket_recv_op.hpp:134:5 in function 'static void boost::asio::detail::reactive_socket_recv_op<MutableBufferSequence, Handler, IoExecutor>::do_complete(void*, boost::asio::detail::operation*, const boost::system::error_code&, std::size_t)']: Connection reset by peer
2026-03-26 10:34:35.655 - INFO: 
2026-03-26 10:34:35.655 - INFO: Request received via GET, no content type specified
2026-03-26 10:34:35.655 - ERROR: Connection reset by peer [system:104 at /usr/include/boost/asio/detail/reactive_socket_recv_op.hpp:134:5 in function 'static void boost::asio::detail::reactive_socket_recv_op<MutableBufferSequence, Handler, IoExecutor>::do_complete(void*, boost::asio::detail::operation*, const boost::system::error_code&, std::size_t)']: Connection reset by peer
2026-03-26 10:34:36.662 - INFO: 
2026-03-26 10:34:36.662 - INFO: Request received via GET, no content type specified
2026-03-26 10:34:37.669 - INFO: 
2026-03-26 10:34:37.669 - INFO: Request received via GET, no content type specified
2026-03-26 10:34:38.675 - INFO: 
2026-03-26 10:34:38.675 - INFO: Request received via GET, no content type specified
2026-03-26 10:34:39.683 - INFO: 
2026-03-26 10:34:39.683 - INFO: Request received via GET, no content type specified
2026-03-26 10:34:39.683 - ERROR: Connection reset by peer [system:104 at /usr/include/boost/asio/detail/reactive_socket_recv_op.hpp:134:5 in function 'static void boost::asio::detail::reactive_socket_recv_op<MutableBufferSequence, Handler, IoExecutor>::do_complete(void*, boost::asio::detail::operation*, const boost::system::error_code&, std::size_t)']: Connection reset by peer
2026-03-26 10:34:40.690 - INFO: 
2026-03-26 10:34:40.690 - INFO: Request received via GET, no content type specified
2026-03-26 10:34:40.691 - ERROR: Connection reset by peer [system:104 at /usr/include/boost/asio/detail/reactive_socket_recv_op.hpp:134:5 in function 'static void boost::asio::detail::reactive_socket_recv_op<MutableBufferSequence, Handler, IoExecutor>::do_complete(void*, boost::asio::detail::operation*, const boost::system::error_code&, std::size_t)']: Connection reset by peer
2026-03-26 10:34:41.698 - INFO: 
2026-03-26 10:34:41.698 - INFO: Request received via GET, no content type specified
2026-03-26 10:34:42.706 - INFO: 
2026-03-26 10:34:42.706 - INFO: Request received via GET, no content type specified
2026-03-26 10:34:43.712 - INFO: 
2026-03-26 10:34:43.712 - INFO: Request received via GET, no content type specified
2026-03-26 10:34:44.719 - INFO: 
2026-03-26 10:34:44.719 - INFO: Request received via GET, no content type specified
2026-03-26 10:34:45.727 - INFO: 
2026-03-26 10:34:45.727 - INFO: Request received via GET, no content type specified
2026-03-26 10:34:46.734 - INFO: 
2026-03-26 10:34:46.734 - INFO: Request received via GET, no content type specified
2026-03-26 10:34:47.742 - INFO: 
2026-03-26 10:34:47.742 - INFO: Request received via GET, no content type specified
2026-03-26 10:34:48.749 - INFO: 
2026-03-26 10:34:48.749 - INFO: Request received via GET, no content type specified
2026-03-26 10:34:49.756 - INFO: 
2026-03-26 10:34:49.756 - INFO: Request received via GET, no content type specified
2026-03-26 10:34:50.763 - INFO: 
2026-03-26 10:34:50.763 - INFO: Request received via GET, no content type specified
2026-03-26 10:34:51.770 - INFO: 
2026-03-26 10:34:51.770 - INFO: Request received via GET, no content type specified
2026-03-26 10:34:52.778 - INFO: 
2026-03-26 10:34:52.778 - INFO: Request received via GET, no content type specified
2026-03-26 10:34:53.785 - INFO: 
2026-03-26 10:34:53.785 - INFO: Request received via GET, no content type specified
2026-03-26 10:34:54.792 - INFO: 
2026-03-26 10:34:54.792 - INFO: Request received via GET, no content type specified
2026-03-26 10:34:55.799 - INFO: 
2026-03-26 10:34:55.799 - INFO: Request received via GET, no content type specified
2026-03-26 10:34:56.807 - INFO: 
2026-03-26 10:34:56.807 - INFO: Request received via GET, no content type specified
2026-03-26 10:34:57.814 - INFO: 
2026-03-26 10:34:57.814 - INFO: Request received via GET, no content type specified
2026-03-26 10:34:57.814 - ERROR: Connection reset by peer [system:104 at /usr/include/boost/asio/detail/reactive_socket_recv_op.hpp:134:5 in function 'static void boost::asio::detail::reactive_socket_recv_op<MutableBufferSequence, Handler, IoExecutor>::do_complete(void*, boost::asio::detail::operation*, const boost::system::error_code&, std::size_t)']: Connection reset by peer
2026-03-26 10:34:58.820 - INFO: 
2026-03-26 10:34:58.820 - INFO: Request received via GET, no content type specified
2026-03-26 10:34:58.821 - ERROR: Connection reset by peer [system:104 at /usr/include/boost/asio/detail/reactive_socket_recv_op.hpp:134:5 in function 'static void boost::asio::detail::reactive_socket_recv_op<MutableBufferSequence, Handler, IoExecutor>::do_complete(void*, boost::asio::detail::operation*, const boost::system::error_code&, std::size_t)']: Connection reset by peer
2026-03-26 10:34:59.827 - INFO: 
2026-03-26 10:34:59.827 - INFO: Request received via GET, no content type specified
2026-03-26 10:34:59.828 - ERROR: Connection reset by peer [system:104 at /usr/include/boost/asio/detail/reactive_socket_recv_op.hpp:134:5 in function 'static void boost::asio::detail::reactive_socket_recv_op<MutableBufferSequence, Handler, IoExecutor>::do_complete(void*, boost::asio::detail::operation*, const boost::system::error_code&, std::size_t)']: Connection reset by peer
2026-03-26 10:35:00.834 - INFO: 
2026-03-26 10:35:00.834 - INFO: Request received via GET, no content type specified
2026-03-26 10:35:01.841 - INFO: 
2026-03-26 10:35:01.841 - INFO: Request received via GET, no content type specified
2026-03-26 10:35:02.848 - INFO: 
2026-03-26 10:35:02.848 - INFO: Request received via GET, no content type specified
2026-03-26 10:35:03.855 - INFO: 
2026-03-26 10:35:03.855 - INFO: Request received via GET, no content type specified
2026-03-26 10:35:04.863 - INFO: 
2026-03-26 10:35:04.863 - INFO: Request received via GET, no content type specified
2026-03-26 10:35:05.870 - INFO: 
2026-03-26 10:35:05.870 - INFO: Request received via GET, no content type specified
2026-03-26 10:35:05.870 - ERROR: Connection reset by peer [system:104 at /usr/include/boost/asio/detail/reactive_socket_recv_op.hpp:134:5 in function 'static void boost::asio::detail::reactive_socket_recv_op<MutableBufferSequence, Handler, IoExecutor>::do_complete(void*, boost::asio::detail::operation*, const boost::system::error_code&, std::size_t)']: Connection reset by peer
2026-03-26 10:35:06.877 - INFO: 
2026-03-26 10:35:06.877 - INFO: Request received via GET, no content type specified
2026-03-26 10:35:06.877 - ERROR: Connection reset by peer [system:104 at /usr/include/boost/asio/detail/reactive_socket_recv_op.hpp:134:5 in function 'static void boost::asio::detail::reactive_socket_recv_op<MutableBufferSequence, Handler, IoExecutor>::do_complete(void*, boost::asio::detail::operation*, const boost::system::error_code&, std::size_t)']: Connection reset by peer
2026-03-26 10:35:07.883 - INFO: 
2026-03-26 10:35:07.883 - INFO: Request received via GET, no content type specified
2026-03-26 10:35:08.891 - INFO: 
2026-03-26 10:35:08.891 - INFO: Request received via GET, no content type specified
