2026-03-26 09:41:21.863 - INFO: [1mQLever server v0.5.45-233-g0480d959, compiled on Wed Mar 25 10:49:53 AM CET 2026 using git hash 0480d9[22m
2026-03-26 09:41:21.864 - INFO: Initializing server ...
2026-03-26 09:41:21.864 - INFO: The git hash used to build this index was "8c99fe"
2026-03-26 09:41:21.864 - INFO: Reading vocabulary from file /home/userNoPriv/code/qlever/qlever-indices/dblp/dblp.vocabulary.words ...
2026-03-26 09:41:21.871 - INFO: Done, number of words: 409,446,926
2026-03-26 09:41:21.871 - INFO: Number of words in internal vocabulary (these are also part of the external vocabulary): 409,457
2026-03-26 09:41:21.875 - INFO: Registered PSO permutation: #relations = 6, #blocks = 7,515, #triples = 234,800,838
2026-03-26 09:41:21.892 - INFO: Registered PSO permutation: #relations = 96, #blocks = 46,913, #triples = 1,464,719,701
2026-03-26 09:41:21.894 - INFO: Registered POS permutation: #relations = 6, #blocks = 7,515, #triples = 234,800,838
2026-03-26 09:41:21.911 - INFO: Registered POS permutation: #relations = 96, #blocks = 46,913, #triples = 1,464,719,701
2026-03-26 09:41:21.924 - INFO: Registered OPS permutation: #relations = 318,850,904, #blocks = 39,014, #triples = 1,464,719,701
2026-03-26 09:41:21.938 - INFO: Registered OSP permutation: #relations = 318,850,904, #blocks = 39,014, #triples = 1,464,719,701
2026-03-26 09:41:21.948 - INFO: Registered SPO permutation: #relations = 234,800,427, #blocks = 31,251, #triples = 1,464,719,701
2026-03-26 09:41:21.955 - INFO: Registered SOP permutation: #relations = 234,800,427, #blocks = 31,251, #triples = 1,464,719,701
2026-03-26 09:41:21.955 - INFO: Reading patterns from file /home/userNoPriv/code/qlever/qlever-indices/dblp/dblp.index.patterns ...
2026-03-26 09:41:21.955 - INFO: Sorting random result tables to estimate the sorting performance of this machine ...
2026-03-26 09:41:29.483 - INFO: Access token for restricted API calls is ""
2026-03-26 09:41:29.483 - INFO: The server is ready, listening for requests on port 7001 ...
2026-03-26 09:41:29.910 - INFO: 
2026-03-26 09:41:29.910 - INFO: Request received via GET, no content type specified
2026-03-26 09:41:29.912 - INFO: Processing the following SPARQL query:
SELECT * WHERE {?s ?p ?o} LIMIT 1
2026-03-26 09:41:29.913 - INFO: Requested media types of the result are: 
2026-03-26 09:41:29.913 - INFO: Query planning done in 2 ms
2026-03-26 09:41:29.919 - INFO: Result has unknown size (not computed yet)
2026-03-26 09:41:29.922 - INFO: Done processing query and sending result, total time was 11 ms
2026-03-26 09:41:29.926 - INFO: 
2026-03-26 09:41:29.926 - INFO: Request received via POST, content type "application/sparql-query"
2026-03-26 09:41:29.927 - INFO: Processing the following SPARQL query:
CONSTRUCT { ?s ?p ?o } WHERE { ?s ?p ?o } LIMIT 10000000
2026-03-26 09:41:29.927 - INFO: Requested media types of the result are: "text/tab-separated-values"
2026-03-26 09:41:29.927 - INFO: Query planning done in 0 ms
2026-03-26 09:41:29.930 - INFO: Result has unknown size (not computed yet)
2026-03-26 09:41:36.204 - INFO: Done processing query and sending result, total time was 6,277 ms
2026-03-26 09:41:37.212 - INFO: 
2026-03-26 09:41:37.212 - INFO: Request received via POST, content type "application/sparql-query"
2026-03-26 09:41:37.212 - INFO: Processing the following SPARQL query:
CONSTRUCT { ?s ?p ?o } WHERE { ?s ?p ?o } LIMIT 10000000
2026-03-26 09:41:37.212 - INFO: Requested media types of the result are: "text/tab-separated-values"
2026-03-26 09:41:37.212 - INFO: Query planning done in 0 ms
2026-03-26 09:41:37.219 - INFO: Result has unknown size (not computed yet)
2026-03-26 09:41:43.487 - INFO: Done processing query and sending result, total time was 6,275 ms
